Event #1: Boys 12 & Under 100M Individual Medley (UN12)
          Miller, Donovan (WWD) [12]:  1:27.75            
           Blackman, Eric (WWD) [12]:  1:30.50            
         Martin, Jonathan ( TN) [12]:  1:34.51            
         Moynihan, Joseph ( WW) [12]:  1:34.89            
        Menendez, Scott C ( KM) [12]:  1:41.70            
            Fowler, Shane ( MB) [11]:  1:42.69            
            Rigel, Joseph ( WW) [10]:  1:45.65            
          Helton, Brian A ( FH) [11]:  1:45.81            
Ferentinos, Christopher M ( FH) [11]:  1:48.26            
     Perencevich, Stephen ( KM) [11]:  1:49.45             ERR [ Bad Seed.  Best time of 1:47.16 on week 5 event 1 ]
            Gaskill, Adam ( MB) [12]:  1:49.52            
            Lawry, Hunter ( TN) [ 9]:  1:55.37            
          Rivera, Antonio (  P) [11]:  2:14.65            
             Gross, Tommy (  P) [ 9]:       NT            

Event #2: Girls 12 & Under 100M Individual Medley (UN12)
          Marcolin, Sarah ( WW) [12]:  1:21.40            
            Miller, Emily (WWD) [11]:  1:38.10            
       Sylvester, Riley D ( KM) [12]:  1:38.62            
            Kilmer, Julie ( WW) [12]:  1:39.12            
          Reed, Madison E ( FH) [12]:  1:39.62            
        Whitaker, Amira E ( MB) [12]:  1:40.53            
         Hubbard, Trinity ( TN) [11]:  1:40.71            
          Castle, Rachael ( TN) [12]:  1:42.66            
         Goldsamt, Eliana (WWD) [11]:  1:45.14            
         Penate, Victoria ( MB) [12]:  1:47.09            
Badobre, Nicole-Chelsea A ( FH) [11]:  1:48.23            
             Aubel, Mayte ( KM) [12]:  2:03.32            
    Rivera, Maria Carmela (  P) [ 9]:  2:08.71            
         Rountree, Autumn (  P) [10]:  2:29.00            

Event #3: Boys Open 200M Medley Relay (UNOV)
                Flower Hill Dolphins:  2:04.81            
                          Tanglewood:  2:16.13            
      Middlebridge Marlins Swim Team:  2:17.41            
                 Kemp Mill Kangaroos:  2:23.09            
                       Wheaton Woods:  2:25.69            
                     Parkland Whales:  2:26.00            
      Washingtonian Woods Waves Swim:  3:00.81             ERR [ Bad Seed.  Best time of 2:59.57 at the relay carnival ]

Event #4: Girls Open 200M Medley Relay (UNOV)
                Flower Hill Dolphins:  2:28.75            
      Washingtonian Woods Waves Swim:  2:39.72             ERR [ Bad Seed.  Best time of 2:30.58 at the relay carnival ]
                       Wheaton Woods:  2:42.31             ERR [ Bad Seed.  Best time of 2:40.43 at the relay carnival ]
                 Kemp Mill Kangaroos:  3:00.92             ERR [ Bad Seed.  Best time of 2:57.97 at the relay carnival ]
      Middlebridge Marlins Swim Team:  3:03.64            
                          Tanglewood:  3:05.25            
                     Parkland Whales:  3:06.14            

Event #5: Boys 8 & Under 25M Freestyle (UN08)
               Kolf, Greg ( WW) [ 7]:    22.76            
        Rivera, Alejandro (  P) [ 8]:    22.90            
             Ford, Collin ( TN) [ 8]:    23.00            
          Badobre, Axel F ( FH) [ 7]:    23.09            
           Wenk, Samuel I (WWD) [ 7]:    23.22            
           Garver, Cole A (WWD) [ 8]:    23.35            
           Betru, Minasse ( TN) [ 8]:    23.47            
            Pierce, Aiden ( WW) [ 7]:    24.73            
           Parmhans, Ryan ( FH) [ 7]:    26.57            
            Faleder, Coby (  P) [ 7]:    26.83            
  Thompson, Jeffrey Jr. D ( KM) [ 7]:    29.19            
          Grimes, Caleb W ( KM) [ 7]:    29.87            
            Jutila, Jason ( MB) [ 7]:    35.00            
             Jutila, John ( MB) [ 7]:    35.38            

Event #6: Girls 8 & Under 25M Freestyle (UN08)
      Auroux, Anne-Sophie ( WW) [ 8]:    19.25            
            Miller, Myiah (WWD) [ 8]:    20.33            
       Badobre, Oceanie T ( FH) [ 8]:    21.72            
         McGovern, Myriam ( WW) [ 8]:    21.90            
           Farrell, Darby (WWD) [ 8]:    23.01            
        Chapple, Aurora R ( FH) [ 8]:    23.26            
         Kasper, Sunita W ( KM) [ 7]:    26.33            
          Moser, Samantha ( KM) [ 8]:    27.44            
     Gyeke-Aboagye, Joy G ( TN) [ 8]:    27.90            
             Gyamfi, Afua ( TN) [ 7]:    29.16            
             Brown, Ciera (  P) [ 8]:    31.21            
        Woolard, Savannah ( MB) [ 7]:    31.72            
           Couch, Caitlyn ( MB) [ 7]:    32.46            
           Kardon, Alyssa (  P) [ 8]:    41.87            

Event #7: Boys 9-10 50M Freestyle (0910)
            Rigel, Joseph ( WW) [10]:    40.60            
          Nguyen, Matthew ( MB) [10]:    40.90            
         Marcolin, George ( WW) [10]:    42.03            
            Hoang, Nathan ( TN) [10]:    42.88            
             Gross, Tommy (  P) [ 9]:    42.89            
 Jenkins-Johnston, Darren ( TN) [10]:    42.95            
          Epstein, Jeremy (WWD) [ 9]:    44.18            
        Penate, Sebastian ( MB) [ 9]:    44.26            
           Leibowitz, Niv (  P) [10]:    44.78            
        Martinez, Eduardo ( KM) [10]:    45.31            
            Adams, Andrew (WWD) [10]:    46.38            
        Ouldbrahim, Ilyes ( FH) [10]:    47.19            
         Sosa, Gamaliel R ( KM) [10]:    57.32            
       Rosenberg, Benny H ( FH) [ 9]:    57.44            

Event #8: Girls 9-10 50M Freestyle (0910)
            Marks, Sophia (WWD) [ 9]:    41.53            
           Nguyen, Maggie ( MB) [10]:    42.46            
               Diaz, Sara ( TN) [10]:    42.81            
             Tamir, Netta (WWD) [ 9]:    43.36            
       Lawrence, Bobbie M ( FH) [10]:    44.16            
          Diaz, Gabriella ( TN) [ 9]:    44.21            
      Zarzecki, Charlotte ( WW) [10]:    45.40            
         Orellana, Stella ( WW) [10]:    46.07            
   Ramos-Nogueron, Maia E ( FH) [10]:    46.46            
          Gaskill, Hannah ( MB) [ 9]:    47.41            
    Rivera, Maria Carmela (  P) [ 9]:    49.19            
               Aubel, Eva ( KM) [ 9]:    51.09            
        Thompson, Jenna J ( KM) [10]:    53.93            
         Rountree, Autumn (  P) [10]:  1:01.09            

Event #9: Boys 13-14 50M Freestyle (1314)
           Vipavetz, Ryan ( MB) [13]:    27.95            
               Qian, Eric ( FH) [13]:    28.25            
          Woolard, Wolfie ( MB) [13]:    28.60            
      Ramirez, Juancarlos ( FH) [14]:    30.19            
              Ruiz, Ricky (WWD) [14]:    31.03            
         Morales, Gabriel ( WW) [14]:    32.38            
       Kostreski, William (  P) [14]:    32.78            
            Alfaro, Ethan ( TN) [13]:    32.90            
            Klemow, Aaron (WWD) [13]:    33.37            
               Wasel, Tim ( WW) [14]:    33.45            
         Menendez, Evan D ( KM) [14]:    34.03            
       Sylvester, Dylan P ( KM) [13]:    34.53            
             Hoang, Dylin ( TN) [14]:    34.69            

Event #10: Girls 13-14 50M Freestyle (1314)
          N'Gambwa, Amina ( MB) [14]:    29.58            
          Marcolin, Annie ( WW) [14]:    34.16            
      Dohler-Rodas, Emily ( MB) [14]:    34.87            
            Farrell, Emma (WWD) [13]:    35.62            
         Rigel, Katherine ( WW) [13]:    36.19            
          Martin, Jessica ( TN) [14]:    36.59            
         Hubbard, Jasmine ( TN) [14]:    36.91            
        Miller, Cassandra (WWD) [14]:    37.01            
         King, Caroline M ( FH) [13]:    38.45            
           Elikan, Eliana (  P) [14]:    43.19            
         Matusow, Meribor ( KM) [14]:    44.26            
      McElhaney, Quincy F ( KM) [13]:    45.09            
              Baras, Orly (  P) [13]:    45.27            
           Gemma, Alana R ( FH) [10]:    53.39            NOTE [ This time is event 8 week 3 ]

Event #11: Boys 11-12 50M Freestyle (1112)
          Miller, Donovan (WWD) [12]:    31.50            
         Martin, Jonathan ( TN) [12]:    34.78            
            Fowler, Shane ( MB) [11]:    37.51            
            Ourand, Kevin ( WW) [12]:    38.66            
              Rowe, Quinn (WWD) [11]:    39.07            
        Menendez, Scott C ( KM) [12]:    39.40            
          Helton, Brian A ( FH) [11]:    40.47            
     Perencevich, Stephen ( KM) [11]:    41.84            
       Brien, Alejandro J ( FH) [11]:    42.32            
            Martin, Jonah ( TN) [11]:    43.03            
               Wolf, Joey (  P) [11]:    45.22            
          Rivera, Antonio (  P) [11]:    50.57            
          Griffin, Jake B ( MB) [11]:    59.59            
           Huynh, Brandon ( MB) [11]:       NT             ERR [ Missing Seed.  Best time of 46.90 on week 3 event 11 ]
         Moynihan, Joseph ( WW) [12]:       NT            

Event #12: Girls 11-12 50M Freestyle (1112)
          Marcolin, Sarah ( WW) [12]:    33.47            
         Hubbard, Trinity ( TN) [11]:    35.87            
           Kuhnsman, Emma ( WW) [12]:    36.75            
          Reed, Madison E ( FH) [12]:    37.19            
                Ruiz, Mia (WWD) [11]:    38.16            
       Sylvester, Riley D ( KM) [12]:    38.32            
        Whitaker, Amira E ( MB) [12]:    38.84            
          Castle, Rachael ( TN) [12]:    39.57            
          Friedman, Merav (  P) [12]:    39.94            
            Miller, Emily (WWD) [11]:    41.00            
         Penate, Victoria ( MB) [12]:    42.28            
            Gupta, Maansi ( FH) [11]:    45.01            
          Dorr, Tabitha D ( KM) [11]:    45.77            
            Faleder, Orly (  P) [12]:    57.31            

Event #13: Boys 15-18 100M Freestyle (1518)
           Reed, Hunter L ( FH) [16]:    56.77            
             Farias, Jack ( TN) [15]:  1:01.27            
       Evantanto, Azevedo ( FH) [17]:  1:01.43            
            Girguis, Mark ( MB) [16]:  1:01.60            
          Gibeily, Thomas ( KM) [18]:  1:01.76            
           Barboza, Bruce ( WW) [16]:  1:06.47            
          McNally, Cullen ( KM) [18]:  1:07.09            
Garcia-McConnell, Christian ( TN) [16]:  1:09.01            
        Rowedder, Francis ( WW) [17]:  1:10.62            
            Penate, David ( MB) [16]:  1:15.47            
           Garrison, Cody (  P) [16]:  1:15.56            
           Blackman, Alex (WWD) [17]:  1:15.95            
        Bathaiian, Luqman (WWD) [15]:  1:16.12            
           Abrams, Yehuda (  P) [15]:  1:17.87            

Event #14: Girls 15-18 100M Freestyle (1518)
         Vaules, Sayaka H ( FH) [15]:  1:05.76            
           Spivey, Lillie (WWD) [16]:  1:06.58            
        Poetzschke, Eve M (WWD) [16]:  1:15.58            
       Patino, Angelica D ( FH) [15]:  1:18.65            
         Wasel, Alexandra ( WW) [17]:  1:19.10            
           Wasel, Chrissy ( WW) [15]:  1:19.44            
           Vipavetz, Lexi ( MB) [16]:  1:20.47            
            Tucker, Kenda (  P) [17]:  1:20.50            
          Garrison, Amber (  P) [15]:  1:21.97            
         Iduma, Elizabeth ( TN) [15]:  1:24.84            
        Ramaswamy, Sarika ( KM) [18]:  1:26.65            
            Rainard, Emma ( KM) [15]:  1:32.09            
      Przygocki, Michaela ( TN) [15]:       NT             ERR [ Swimmer has not swam an A meet ]

Event #15: Boys 13-14 100M Individual Medley (1314)
          Woolard, Wolfie ( MB) [13]:  1:11.18            
           Vipavetz, Ryan ( MB) [13]:  1:12.28            
               Qian, Eric ( FH) [13]:  1:12.81            
      Ramirez, Juancarlos ( FH) [14]:  1:18.78            
            Alfaro, Ethan ( TN) [13]:  1:27.99            
             Kitts, Tyler ( KM) [13]:  1:28.44            
              Ruiz, Ricky (WWD) [14]:  1:28.65            
           Kilmer, Joseph ( WW) [14]:  1:30.81            
           Friedman, Edan (  P) [14]:  1:31.47            
         Morales, Gabriel ( WW) [14]:  1:32.13            
             Burger, Luke ( TN) [13]:  1:33.84            
       Kostreski, William (  P) [14]:  1:33.91            
       Sylvester, Dylan P ( KM) [13]:  1:34.38            
            Klemow, Aaron (WWD) [13]:  1:47.19            

Event #16: Girls 13-14 100M Individual Medley (1314)
          N'Gambwa, Amina ( MB) [14]:  1:12.06            
         Murayama, Amanda (WWD) [13]:  1:17.25            
          Marcolin, Annie ( WW) [14]:  1:25.69            
            Mayer, Anna I ( FH) [14]:  1:32.16            
      Dohler-Rodas, Emily ( MB) [14]:  1:33.57            
        Miller, Cassandra (WWD) [14]:  1:34.84            
          Martin, Jessica ( TN) [14]:  1:36.78            
         Hubbard, Jasmine ( TN) [14]:  1:47.50            
         King, Caroline M ( FH) [13]:  1:49.29            
           Radich, Sophia ( WW) [13]:  1:53.40            
      McElhaney, Quincy F ( KM) [13]:  1:54.87            
         Matusow, Meribor ( KM) [14]:  1:58.38            
           Elikan, Eliana (  P) [14]:  2:00.94            
              Baras, Orly (  P) [13]:  2:18.07            

Event #17: Boys 8 & Under 25M Backstroke (UN08)
      Montgomery, Lewis H (WWD) [ 7]:    26.51            
           Garver, Cole A (WWD) [ 8]:    27.72            
          Lopez, Joshua E ( FH) [ 8]:    29.01            
               Kolf, Greg ( WW) [ 7]:    29.50            
        Rivera, Alejandro (  P) [ 8]:    29.75            
          Wharton, Leland ( WW) [ 8]:    30.38            
            Faleder, Coby (  P) [ 7]:    32.84            
            Ford, Brendan ( TN) [ 6]:    33.84            
  Thompson, Jeffrey Jr. D ( KM) [ 7]:    36.56            
            Jutila, Jason ( MB) [ 7]:    38.02            
          Badobre, Axel F ( FH) [ 7]:    38.93            
             Jutila, John ( MB) [ 7]:    45.57            
          Grimes, Caleb W ( KM) [ 7]:  1:05.07            
        Bascope, Santiago ( TN) [ 7]:  1:13.63            

Event #18: Girls 8 & Under 25M Backstroke (UN08)
        Chapple, Aurora R ( FH) [ 8]:    26.85            
         McGovern, Myriam ( WW) [ 8]:    28.09            
            Aldrette, Pia ( WW) [ 7]:    28.15            
         Bollini, Maren A (WWD) [ 7]:    28.47            
      PeBenito, Natalia A ( FH) [ 8]:    29.51            
         Kasper, Sunita W ( KM) [ 7]:    31.58            
             Adams, Kelly (WWD) [ 7]:    32.34            
        Woolard, Savannah ( MB) [ 7]:    34.38            
          Moser, Samantha ( KM) [ 8]:    36.75            
          Hoang, Charlize ( TN) [ 7]:    36.95            
             Brown, Ciera (  P) [ 8]:    39.32            
             Gyamfi, Afua ( TN) [ 7]:    40.62            
           Couch, Caitlyn ( MB) [ 7]:    42.78            
         Litwack, Ariella (  P) [ 7]:    43.07            

Event #19: Boys 9-10 25M Backstroke (0910)
             Gross, Tommy (  P) [ 9]:    23.62            
          Nguyen, Matthew ( MB) [10]:    23.87            
            Lawry, Hunter ( TN) [ 9]:    24.00            
         Marcolin, George ( WW) [10]:    24.44            
        Barish, Nathaniel ( WW) [10]:    24.59            
        Ouldbrahim, Ilyes ( FH) [10]:    26.03            
        Penate, Sebastian ( MB) [ 9]:    26.08            
          Epstein, Jeremy (WWD) [ 9]:    26.50            
            Adams, Andrew (WWD) [10]:    26.58            
         Johnson, William ( KM) [ 9]:    28.50            
 Jenkins-Johnston, Darren ( TN) [10]:    32.71            
         Abrams, Menachem (  P) [ 9]:    33.38            
          Parmhans, Shawn ( FH) [10]:    35.50            
         Sosa, Gamaliel R ( KM) [10]:    39.90            

Event #20: Girls 9-10 25M Backstroke (0910)
             Tamir, Netta (WWD) [ 9]:    22.71            
          Sawadogo, Maria ( WW) [ 9]:    22.93            
               Diaz, Sara ( TN) [10]:    23.76            
          Diaz, Gabriella ( TN) [ 9]:    23.78            
           Nguyen, Maggie ( MB) [10]:    24.31            
        Thompson, Jenna J ( KM) [10]:    24.76            
     PeBenito, Isabella E ( FH) [10]:    24.78            
            Goury, Rachel (WWD) [ 9]:    25.16            
      Zarzecki, Charlotte ( WW) [10]:    25.33            
         Behailu, Abigail ( FH) [ 9]:    25.41            
               Aubel, Eva ( KM) [ 9]:    28.32            
         Rountree, Autumn (  P) [10]:    28.59            
              Roth, Galit (  P) [ 9]:    28.75            
          Cacho, Lauren P ( MB) [ 9]:    30.57            

Event #21: Boys 15-18 100M Backstroke (1518)
           Reed, Hunter L ( FH) [16]:  1:03.22            
             Farias, Jack ( TN) [15]:  1:13.97            
               Qian, Jack ( FH) [16]:  1:17.65            
          Gibeily, Thomas ( KM) [18]:  1:18.72            
Garcia-McConnell, Christian ( TN) [16]:  1:24.01            
           Barboza, Bruce ( WW) [16]:  1:24.81            
       Kuhnsman, Mitchell ( WW) [16]:  1:30.45            
           Cassagnol, Nic ( KM) [15]:  1:34.07            
            Penate, David ( MB) [16]:  1:36.62            
            Penate, Diego ( MB) [18]:  1:37.38            
        Bathaiian, Luqman (WWD) [15]:  1:51.34            
           Garrison, Cody (  P) [16]:  1:51.53            
          Friedman, Matan (  P) [15]:  1:58.28            
      Pakhchanian, Sarkis (WWD) [11]:       NT            

Event #22: Girls 15-18 100M Backstroke (1518)
         Vaules, Sayaka H ( FH) [15]:  1:17.18            
           Spivey, Lillie (WWD) [16]:  1:18.00            
         Wasel, Alexandra ( WW) [17]:  1:31.41            
         Wasel, Mary Kate ( WW) [15]:  1:32.60            
        Poetzschke, Eve M (WWD) [16]:  1:33.10            
      Vollmer, Danielle N ( FH) [17]:  1:33.16            
          Garrison, Amber (  P) [15]:  1:34.78            
      Cottilli, Gabriella ( KM) [18]:  1:36.00            
            Tucker, Kenda (  P) [17]:  1:45.56            
            Rainard, Emma ( KM) [15]:  1:47.86            
      Przygocki, Michaela ( TN) [15]:       NT             ERR [ Swimmer has not swam an A meet ]

Event #23: Boys 11-12 50M Backstroke (1112)
         Moynihan, Joseph ( WW) [12]:    46.19            
           Blackman, Eric (WWD) [12]:    46.79            
            Gaskill, Adam ( MB) [12]:    49.51            
            Miller, Avery ( WW) [12]:    50.95            
     Weinsheimer, Matthew ( KM) [12]:    52.23            
          Matusow, Jayden ( KM) [11]:    52.68            
Ferentinos, Christopher M ( FH) [11]:    53.65            
       Brien, Alejandro J ( FH) [11]:    53.70            
       Ramos, Christian A (WWD) [11]:    53.77            
               Roth, Noam (  P) [11]:  1:00.53            
            Martin, Jonah ( TN) [11]:  1:01.19            
           Dykes, Mason B ( MB) [11]:  1:02.52            
             Fogel, Eiyal (  P) [12]:  1:05.87            
         Anderson, George ( TN) [ 9]:  1:30.37            
           Huynh, Brandon ( MB) [11]:       NT             ERR [ Missing Seed.  Best time of 1:01.56 on week 4 event 23 ]

Event #24: Girls 11-12 50M Backstroke (1112)
          Marcolin, Sarah ( WW) [12]:    39.15            
          Reed, Madison E ( FH) [12]:    46.53            
            Miller, Emily (WWD) [11]:    46.82            
         Goldsamt, Eliana (WWD) [11]:    46.89            
         Hubbard, Trinity ( TN) [11]:    47.85            
          Marvel, Madelyn ( WW) [12]:    48.63            
       Sylvester, Riley D ( KM) [12]:    49.15            
         Blaise, Lilianne ( TN) [11]:    50.57            
              Iser, Paige ( MB) [11]:    52.62            
Badobre, Nicole-Chelsea A ( FH) [11]:    52.72            
         Penate, Victoria ( MB) [12]:    54.76            
          Dorr, Tabitha D ( KM) [11]:    59.32            
            Faleder, Orly (  P) [12]:  1:05.38            

Event #25: Boys 13-14 50M Backstroke (1314)
          Woolard, Wolfie ( MB) [13]:    33.00            
           Vipavetz, Ryan ( MB) [13]:    33.31            
               Qian, Eric ( FH) [13]:    34.45            
      Ramirez, Juancarlos ( FH) [14]:    38.81            
          Ourand, Matthew ( WW) [14]:    41.66            
           Friedman, Edan (  P) [14]:    41.95            
         Morales, Gabriel ( WW) [14]:    43.22            
          Diaz, Alejandro ( TN) [13]:    44.02            
            Alfaro, Ethan ( TN) [13]:    44.13            
         Menendez, Evan D ( KM) [14]:    44.94            
            Klemow, Aaron (WWD) [13]:    45.64            
       Kostreski, William (  P) [14]:    48.72            
         Watson, Maksym K ( KM) [13]:    53.43            
           Usatine, Jason (WWD) [11]:    57.12            NOTE [ This time is event 23 week 5 ]

Event #26: Girls 13-14 50M Backstroke (1314)
          N'Gambwa, Amina ( MB) [14]:    36.01            
         Murayama, Amanda (WWD) [13]:    38.82            
          Marcolin, Annie ( WW) [14]:    41.07            
        Miller, Cassandra (WWD) [14]:    43.37            
            Mayer, Anna I ( FH) [14]:    44.34            
      Dohler-Rodas, Emily ( MB) [14]:    45.81            
        Moynihan, Theresa ( WW) [13]:    46.84            
         Hubbard, Jasmine ( TN) [14]:    47.20            
      McElhaney, Quincy F ( KM) [13]:    50.50            
           Kersima, Yodit ( TN) [13]:    50.54            
           Elikan, Eliana (  P) [14]:    58.78            
    Campagna, Catherine G ( KM) [13]:  1:00.79            
              Baras, Orly (  P) [13]:  1:06.66            
           Gemma, Alana R ( FH) [10]:       NT            

Event #27: Boys 15-18 100M Individual Medley (1518)
           Reed, Hunter L ( FH) [16]:  1:06.77            
            Girguis, Mark ( MB) [16]:  1:08.84            
               Qian, Jack ( FH) [16]:  1:09.94            
             Farias, Jack ( TN) [15]:  1:11.19            
          Gibeily, Thomas ( KM) [18]:  1:16.59            
          Payabyab, Jared ( TN) [15]:  1:22.18            
   Marcolin, John Francis ( WW) [16]:  1:24.88            
            Penate, Diego ( MB) [18]:  1:25.85            
           Cassagnol, Luc ( KM) [15]:  1:27.47            
         Moynihan, Thomas ( WW) [15]:  1:28.33            
           Garrison, Cody (  P) [16]:  1:29.31            
           Blackman, Alex (WWD) [17]:  1:29.43            
          Friedman, Matan (  P) [15]:  1:37.26            
        Bathaiian, Luqman (WWD) [15]:  1:42.26            

Event #28: Girls 15-18 100M Individual Medley (1518)
         Vaules, Sayaka H ( FH) [15]:  1:15.00            
           Spivey, Lillie (WWD) [16]:  1:20.57            
        Poetzschke, Eve M (WWD) [16]:  1:30.32            
      Vollmer, Danielle N ( FH) [17]:  1:31.03            
         Wasel, Alexandra ( WW) [17]:  1:32.18            
         Wasel, Mary Kate ( WW) [15]:  1:33.00            
           Vipavetz, Lexi ( MB) [16]:  1:34.66            
      Cottilli, Gabriella ( KM) [18]:  1:34.72            
            Tucker, Kenda (  P) [17]:  1:36.83            
         Iduma, Elizabeth ( TN) [15]:  1:37.60            
          Garrison, Amber (  P) [15]:  1:38.72            
        Spritzer, Rebecca ( KM) [15]:  1:39.04            
      Przygocki, Michaela ( TN) [15]:       NT             ERR [ Swimmer has not swam an A meet ]

Event #29: Boys 8 & Under 25M Breaststroke (UN08)
          Lopez, Joshua E ( FH) [ 8]:    29.87            
        Feinstein, Andrew (WWD) [ 8]:    30.87            
         Bollini, Jakob L (WWD) [ 8]:    33.94            
      Moynihan, John Paul ( WW) [ 7]:    36.43            
        Kilmer, John Paul ( WW) [ 8]:    38.13            
             Ford, Collin ( TN) [ 8]:    40.76            
       Jauquet, William D ( FH) [ 8]:    48.31            
            Ford, Brendan ( TN) [ 6]:    50.69            
          Grimes, Caleb W ( KM) [ 7]:       NT            

Event #30: Girls 8 & Under 25M Breaststroke (UN08)
      Auroux, Anne-Sophie ( WW) [ 8]:    26.95            
            Miller, Myiah (WWD) [ 8]:    27.56            
           Farrell, Darby (WWD) [ 8]:    28.56            
          Blassou, Claire ( WW) [ 8]:    30.60            
        Woolard, Savannah ( MB) [ 7]:    30.96            
      PeBenito, Natalia A ( FH) [ 8]:    33.70            
        Chapple, Aurora R ( FH) [ 8]:    34.12            
             Colas, Anais ( TN) [ 7]:    37.21            
           Kardon, Alyssa (  P) [ 8]:    51.60            
             Brown, Ciera (  P) [ 8]:       NT            

Event #31: Boys 9-10 25M Breaststroke (0910)
            Rigel, Joseph ( WW) [10]:    23.27            
        Ouldbrahim, Ilyes ( FH) [10]:    24.18            
        Moynihan, Stephen ( WW) [10]:    24.96            
 Jenkins-Johnston, Darren ( TN) [10]:    26.58            
            Adams, Andrew (WWD) [10]:    26.59            
            Hoang, Nathan ( TN) [10]:    26.78            
           Leibowitz, Niv (  P) [10]:    27.44            
             Lyness, Indy ( MB) [10]:    28.22            
            Bull, Ethan F (WWD) [ 9]:    29.31            
   Dohler-Rodas, Edison E ( MB) [ 9]:    30.53            
         Johnson, William ( KM) [ 9]:    30.58            
        Martinez, Eduardo ( KM) [10]:    35.60            
       Rosenberg, Benny H ( FH) [ 9]:    38.47            
         Abrams, Menachem (  P) [ 9]:       NT            

Event #32: Girls 9-10 25M Breaststroke (0910)
     PeBenito, Isabella E ( FH) [10]:    23.39            
         Orellana, Stella ( WW) [10]:    23.87            
          Sawadogo, Maria ( WW) [ 9]:    25.41            
            Marks, Sophia (WWD) [ 9]:    26.69            
          Sartor, Natalia ( TN) [ 9]:    27.19            
               Diaz, Sara ( TN) [10]:    27.65            
            Miller, Taryn (WWD) [10]:    28.35            
   Ramos-Nogueron, Maia E ( FH) [10]:    28.65            
    Rivera, Maria Carmela (  P) [ 9]:    29.03            
               Aubel, Eva ( KM) [ 9]:    31.40            
          Gaskill, Hannah ( MB) [ 9]:    31.50            
             Smith, Reena ( MB) [ 9]:    33.20            
       Leibowitz, Abigail (  P) [10]:    35.28            

Event #33: Boys 11-12 50M Breaststroke (1112)
          Miller, Donovan (WWD) [12]:    40.35             ERR [ Bad Seed.  Best time of 44.00 on week 5 event 33 ]
         Martin, Jonathan ( TN) [12]:    44.08            
        Menendez, Scott C ( KM) [12]:    46.20            
         Moynihan, Joseph ( WW) [12]:    50.09            
           Blackman, Eric (WWD) [12]:    50.27            
            Gaskill, Adam ( MB) [12]:    54.15            
            Ourand, Kevin ( WW) [12]:    54.39            
               Roth, Noam (  P) [11]:    54.69            
Ferentinos, Christopher M ( FH) [11]:    55.81            
          Matusow, Jayden ( KM) [11]:    56.00            
            Fowler, Shane ( MB) [11]:    56.09            
            Martin, Jonah ( TN) [11]:    58.75            
          Helton, Brian A ( FH) [11]:  1:01.52            
          Rivera, Antonio (  P) [11]:  1:09.00            

Event #34: Girls 11-12 50M Breaststroke (1112)
          Marcolin, Sarah ( WW) [12]:    42.81            
         Hubbard, Trinity ( TN) [11]:    49.62            
           Kuhnsman, Emma ( WW) [12]:    49.64            
Badobre, Nicole-Chelsea A ( FH) [11]:    50.19            
         Penate, Victoria ( MB) [12]:    53.19            
          Castle, Rachael ( TN) [12]:    53.37            
          Friedman, Merav (  P) [12]:    54.19            
          Page, Camille M ( FH) [11]:    55.47            
         Goldsamt, Eliana (WWD) [11]:    57.81            
            Davis, Lauren (WWD) [11]:    58.38            
             Aubel, Mayte ( KM) [12]:    59.40            
          Dorr, Tabitha D ( KM) [11]:  1:01.34            
            Faleder, Orly (  P) [12]:  1:04.91            
        Whitaker, Amira E ( MB) [12]:       NT            

Event #35: Boys 13-14 50M Breaststroke (1314)
          Woolard, Wolfie ( MB) [13]:    36.06            
               Qian, Eric ( FH) [13]:    40.45            
             Kitts, Tyler ( KM) [13]:    43.06            
             Burger, Luke ( TN) [13]:    43.66            
           Gemma, Jacob M ( FH) [13]:    44.31            
          Ourand, Matthew ( WW) [14]:    44.52            
       Mazariegos, Javier ( WW) [13]:    44.75            
              Ruiz, Ricky (WWD) [14]:    46.03            
           Friedman, Edan (  P) [14]:    46.53            
         Przygocki, Tyler ( TN) [13]:    47.47            
         Watson, Maksym K ( KM) [13]:    50.53            
            Fowler, Billy ( MB) [13]:    50.69            
            Weil, Jacob W (WWD) [11]:       NT            
          Ungar, Meshulam (  P) [13]:       NT             ERR [ Swimmer has not swam an A meet ]

Event #36: Girls 13-14 50M Breaststroke (1314)
         Murayama, Amanda (WWD) [13]:    39.50            
            Mayer, Anna I ( FH) [14]:    41.34            
      Dohler-Rodas, Emily ( MB) [14]:    44.81            
         Kilmer, Michelle ( WW) [13]:    49.19            
          Martin, Jessica ( TN) [14]:    49.76            
         King, Caroline M ( FH) [13]:    49.81            
            Farrell, Emma (WWD) [13]:    50.32            
         Rigel, Katherine ( WW) [13]:    51.00            
         Hubbard, Jasmine ( TN) [14]:    53.39            
      McElhaney, Quincy F ( KM) [13]:    54.27            
              Baras, Orly (  P) [13]:    55.81            
           Elikan, Eliana (  P) [14]:    57.09            
         Matusow, Meribor ( KM) [14]:  1:00.02            

Event #37: Boys 15-18 100M Breaststroke (1518)
           Reed, Hunter L ( FH) [16]:  1:16.34            
               Qian, Jack ( FH) [16]:  1:17.40            
            Girguis, Mark ( MB) [16]:  1:17.47            
            Dang, Matthew ( TN) [18]:  1:25.32            
   Marcolin, John Francis ( WW) [16]:  1:29.51            
           Barboza, Bruce ( WW) [16]:  1:35.25            
            Penate, Diego ( MB) [18]:  1:36.00            
           Cassagnol, Luc ( KM) [15]:  1:37.22            
            Paul, Calixte ( TN) [15]:  1:39.24            
           Cassagnol, Nic ( KM) [15]:  1:44.00            
            Landy, Amitai (  P) [16]:  1:51.59            
          Friedman, Matan (  P) [15]:       NT            
      Pakhchanian, Sarkis (WWD) [11]:       NT            
              Bull, Eli R (WWD) [ 9]:       NT            

Event #38: Girls 15-18 100M Breaststroke (1518)
         Vaules, Sayaka H ( FH) [15]:  1:23.16            
        Poetzschke, Eve M (WWD) [16]:  1:38.19            
         Iduma, Elizabeth ( TN) [15]:  1:41.34            
           Vipavetz, Lexi ( MB) [16]:  1:44.84            
      Cottilli, Gabriella ( KM) [18]:  1:46.01            
        Spritzer, Rebecca ( KM) [15]:  1:46.96            
         Wasel, Mary Kate ( WW) [15]:  1:48.06            
              Mays, Katie (WWD) [16]:  1:49.00            
           Wasel, Chrissy ( WW) [15]:  1:52.45            
      Vollmer, Danielle N ( FH) [17]:  1:52.88            
          Garrison, Amber (  P) [15]:  1:56.65            

Event #39: Boys 8 & Under 25M Butterfly (UN08)
           Garver, Cole A (WWD) [ 8]:    26.89            
               Kolf, Greg ( WW) [ 7]:    28.56            
          Lopez, Joshua E ( FH) [ 8]:    29.34            
          Badobre, Axel F ( FH) [ 7]:    29.47            
        Rivera, Alejandro (  P) [ 8]:    30.84            
        Kilmer, John Paul ( WW) [ 8]:    34.81            
             Ford, Collin ( TN) [ 8]:    36.96            
       Scherphorn, Thomas (WWD) [ 8]:    39.58            
        Bascope, Santiago ( TN) [ 7]:    49.28            

Event #40: Girls 8 & Under 25M Butterfly (UN08)
      Auroux, Anne-Sophie ( WW) [ 8]:    22.41            
            Miller, Myiah (WWD) [ 8]:    23.47            
       Badobre, Oceanie T ( FH) [ 8]:    28.18            
          Blassou, Claire ( WW) [ 8]:    28.71            
           Farrell, Darby (WWD) [ 8]:    30.34            
           Helton, Lana J ( FH) [ 8]:    34.03            
     Gyeke-Aboagye, Joy G ( TN) [ 8]:    44.28            
             Colas, Anais ( TN) [ 7]:  1:07.97            

Event #41: Boys 9-10 25M Butterfly (0910)
        Barish, Nathaniel ( WW) [10]:    21.34            
          Epstein, Jeremy (WWD) [ 9]:    21.91            
            Rigel, Joseph ( WW) [10]:    21.95            
            Hoang, Nathan ( TN) [10]:    23.72            
         Miller, Justin M (WWD) [ 9]:    24.16            
            Lawry, Hunter ( TN) [ 9]:    24.90            
             Gross, Tommy (  P) [ 9]:    25.63            
           Leibowitz, Niv (  P) [10]:    25.84            
          Nguyen, Matthew ( MB) [10]:    26.33            
        Martinez, Eduardo ( KM) [10]:    26.88            
        Penate, Sebastian ( MB) [ 9]:    27.64            
       Rosenberg, Benny H ( FH) [ 9]:    29.62            
           Ramirez, Diego ( FH) [ 7]:       NT            
         Johnson, William ( KM) [ 9]:       NT            

Event #42: Girls 9-10 25M Butterfly (0910)
            Marks, Sophia (WWD) [ 9]:    21.45            
             Paul, Celine ( TN) [ 9]:    22.45            
          Sawadogo, Maria ( WW) [ 9]:    22.82            
           Nguyen, Maggie ( MB) [10]:    23.19            
             Tamir, Netta (WWD) [ 9]:    24.10            
       Aldrette, Cristina ( WW) [ 9]:    24.40            
       Lawrence, Bobbie M ( FH) [10]:    24.47            
    Rivera, Maria Carmela (  P) [ 9]:    25.25            
          Diaz, Gabriella ( TN) [ 9]:    25.25            
     PeBenito, Isabella E ( FH) [10]:    26.09            
          Gaskill, Hannah ( MB) [ 9]:    26.10            
         Rountree, Autumn (  P) [10]:    31.37            
        Thompson, Jenna J ( KM) [10]:    35.02            

Event #43: Boys 11-12 50M Butterfly (1112)
          Miller, Donovan (WWD) [12]:    40.35            
           Blackman, Eric (WWD) [12]:    41.61            
            Miller, Avery ( WW) [12]:    42.12            
         Martin, Jonathan ( TN) [12]:    45.00            
          Helton, Brian A ( FH) [11]:    46.72            
Ferentinos, Christopher M ( FH) [11]:    49.38            
        Menendez, Scott C ( KM) [12]:    50.96            
          Matusow, Jayden ( KM) [11]:    52.66            
               Roth, Noam (  P) [11]:    54.34            
            Ourand, Kevin ( WW) [12]:    55.00            
            Gaskill, Adam ( MB) [12]:    57.10            
            Fowler, Shane ( MB) [11]:    57.16            
          Rivera, Antonio (  P) [11]:  1:12.53            
         Anderson, George ( TN) [ 9]:  1:15.40            

Event #44: Girls 11-12 50M Butterfly (1112)
          Reed, Madison E ( FH) [12]:    43.95            
            Kilmer, Julie ( WW) [12]:    44.12            
           Kuhnsman, Emma ( WW) [12]:    44.79            
Badobre, Nicole-Chelsea A ( FH) [11]:    46.44            
            Miller, Emily (WWD) [11]:    46.87            
         Goldsamt, Eliana (WWD) [11]:    46.94            
          Castle, Rachael ( TN) [12]:    47.15            
          Friedman, Merav (  P) [12]:    47.31            
       Sylvester, Riley D ( KM) [12]:    48.10            
        Whitaker, Amira E ( MB) [12]:    48.89            
              Iser, Paige ( MB) [11]:    59.41            
             Aubel, Mayte ( KM) [12]:  1:00.46            
         Blaise, Lilianne ( TN) [11]:  1:00.97            
            Janus, Meirav (  P) [11]:       NT            

Event #45: Boys 13-14 50M Butterfly (1314)
           Vipavetz, Ryan ( MB) [13]:    31.15             ERR [ Bad Seed.  Best time of 30.60 on week 5 event 45 ]
      Ramirez, Juancarlos ( FH) [14]:    31.87            
           Gemma, Jacob M ( FH) [13]:    33.15            
         Morales, Gabriel ( WW) [14]:    38.48            
        Beatley, Marcello ( WW) [14]:    39.56            
            Alfaro, Ethan ( TN) [13]:    39.75            
              Ruiz, Ricky (WWD) [14]:    40.06            
             Kitts, Tyler ( KM) [13]:    41.43            
       Kostreski, William (  P) [14]:    42.38            
       Sylvester, Dylan P ( KM) [13]:    43.03            
             Burger, Luke ( TN) [13]:    44.20            
            Klemow, Aaron (WWD) [13]:    45.64            
            Fowler, Billy ( MB) [13]:    56.12            
           Friedman, Edan (  P) [14]:       NT            

Event #46: Girls 13-14 50M Butterfly (1314)
          N'Gambwa, Amina ( MB) [14]:    32.69            
         Murayama, Amanda (WWD) [13]:    34.32            
          Marcolin, Annie ( WW) [14]:    36.00            
          Martin, Jessica ( TN) [14]:    39.44            
            Mayer, Anna I ( FH) [14]:    41.62            
        Miller, Cassandra (WWD) [14]:    41.81            
           Kersima, Yodit ( TN) [13]:    50.20            
           Radich, Sophia ( WW) [13]:    50.85            
         King, Caroline M ( FH) [13]:    53.68            
         Matusow, Meribor ( KM) [14]:    55.37            
    Campagna, Catherine G ( KM) [13]:       NT            

Event #47: Boys 15-18 50M Butterfly (1518)
       Evantanto, Azevedo ( FH) [17]:    30.27            
            Girguis, Mark ( MB) [16]:    30.66            
            Mayer, Paul C ( FH) [17]:    31.34            
          Payabyab, Jared ( TN) [15]:    31.56            
          McNally, Cullen ( KM) [18]:    31.65            
             Farias, Jack ( TN) [15]:    31.94            
          Gibeily, Thomas ( KM) [18]:    32.57            
            Penate, Diego ( MB) [18]:    35.56            
          Friedman, Matan (  P) [15]:    36.67            
           Blackman, Alex (WWD) [17]:    37.59            
         Moynihan, Thomas ( WW) [15]:    39.81            
            Rigel, Jordan ( WW) [15]:    40.31            
           Garrison, Cody (  P) [16]:    40.34            
        Bathaiian, Luqman (WWD) [15]:    43.50            

Event #48: Girls 15-18 50M Butterfly (1518)
           Spivey, Lillie (WWD) [16]:    35.10            
      Vollmer, Danielle N ( FH) [17]:    39.19            
         Joo, Margarita A ( FH) [17]:    40.34            
         Wasel, Alexandra ( WW) [17]:    41.31            
            Tucker, Kenda (  P) [17]:    41.81            
           Wasel, Chrissy ( WW) [15]:    41.84            
             Haley, Jenna (WWD) [16]:    42.07            
         Iduma, Elizabeth ( TN) [15]:    42.50            
        Ramaswamy, Sarika ( KM) [18]:    42.82            
       Ramaswamy, Sangita ( KM) [15]:    47.77            
      Przygocki, Michaela ( TN) [15]:       NT             ERR [ Swimmer has not swam an A meet ]

Event #49: Boys 14 & Under 175M Freestyle Relay (UN14)
      Washingtonian Woods Waves Swim:  2:13.19            
                          Tanglewood:  2:15.81            
                       Wheaton Woods:  2:16.81             ERR [ Bad Seed.  Best time of 2:16.59 at the relay carnival ]
                Flower Hill Dolphins:  2:18.72            
      Middlebridge Marlins Swim Team:  2:21.81            
                     Parkland Whales:  2:25.75            
                 Kemp Mill Kangaroos:  2:38.62            

Event #50: Girls 14 & Under 175M Freestyle Relay (UN14)
                       Wheaton Woods:  2:13.50             ERR [ Bad Seed.  Best time of 2:10.19 at the relay carnival ]
      Washingtonian Woods Waves Swim:  2:14.72            
                Flower Hill Dolphins:  2:16.97            
      Middlebridge Marlins Swim Team:  2:25.37            
                          Tanglewood:  2:32.82            
                 Kemp Mill Kangaroos:  2:45.95            
                     Parkland Whales:  3:23.62            



Discrepancies:

  1) Goldman, Daniel (PVP) is missing a USSID, manually audit event 9
  2) Rabinowitz, Batsheva (PVP) is missing a USSID, manually audit event 24
  3) Event 1: Perencevich, Stephen has bad seed time
  4) Event 3: Washingtonian Woods Waves Swim has bad seed time
  5) Event 4: Washingtonian Woods Waves Swim has bad seed time
  6) Event 4: Wheaton Woods has bad seed time
  7) Event 4: Kemp Mill Kangaroos has bad seed time
  8) Event 11: Huynh, Brandon is missing seed time
  9) Event 14: Przygocki, Michaela has never swam an A meet
 10) Event 22: Przygocki, Michaela has never swam an A meet
 11) Event 23: Huynh, Brandon is missing seed time
 12) Event 28: Przygocki, Michaela has never swam an A meet
 13) Event 33: Miller, Donovan has bad seed time
 14) Event 35: Ungar, Meshulam has never swam an A meet
 15) Event 45: Vipavetz, Ryan has bad seed time
 16) Event 48: Przygocki, Michaela has never swam an A meet
 17) Event 49: Wheaton Woods has bad seed time
 18) Event 50: Wheaton Woods has bad seed time

